build/app/outputs/mapping/release/mapping.txt
# compiler: R8
# compiler_version: 1.5.64
# min_api: 21
# pg_map_id: c594d83
...
com.google.firestore.v1.Precondition -> b.b.e.a.h0:
    com.google.protobuf.Parser PARSER -> g
    java.lang.Object conditionType_ -> e
    com.google.firestore.v1.Precondition DEFAULT_INSTANCE -> f
    int conditionTypeCase_ -> d
    void access$200(com.google.firestore.v1.Precondition,boolean) -> a
    void access$400(com.google.firestore.v1.Precondition,com.google.protobuf.Timestamp) -> a
    java.lang.Object dynamicMethod(com.google.protobuf.GeneratedMessageLite$MethodToInvoke,java.lang.Object,java.lang.Object) -> a
    void setExists(boolean) -> a
    void setUpdateTime(com.google.protobuf.Timestamp) -> a
    void writeTo(com.google.protobuf.CodedOutputStream) -> a
    int getSerializedSize() -> d
    com.google.firestore.v1.Precondition$ConditionTypeCase getConditionTypeCase() -> l
    boolean getExists() -> m
    com.google.protobuf.Timestamp getUpdateTime() -> n
    com.google.firestore.v1.Precondition access$000() -> o
    com.google.firestore.v1.Precondition getDefaultInstance() -> p
    com.google.firestore.v1.Precondition$Builder newBuilder() -> q
    com.google.protobuf.Parser parser() -> r
com.google.firestore.v1.Precondition$1 -> b.b.e.a.h0$a:
    int[] $SwitchMap$com$google$protobuf$GeneratedMessageLite$MethodToInvoke -> b
    int[] $SwitchMap$com$google$firestore$v1$Precondition$ConditionTypeCase -> a
com.google.firestore.v1.Precondition$Builder -> b.b.e.a.h0$b:
    com.google.firestore.v1.Precondition$Builder setExists(boolean) -> a
    com.google.firestore.v1.Precondition$Builder setUpdateTime(com.google.protobuf.Timestamp) -> a
com.google.firestore.v1.Precondition$ConditionTypeCase -> b.b.e.a.h0$c:
    com.google.firestore.v1.Precondition$ConditionTypeCase EXISTS -> b
    com.google.firestore.v1.Precondition$ConditionTypeCase UPDATE_TIME -> c
    com.google.firestore.v1.Precondition$ConditionTypeCase CONDITIONTYPE_NOT_SET -> d
    com.google.firestore.v1.Precondition$ConditionTypeCase[] $VALUES -> e
    int value -> a
    com.google.firestore.v1.Precondition$ConditionTypeCase forNumber(int) -> a
    int getNumber() -> a
com.google.firestore.v1.PreconditionOrBuilder -> b.b.e.a.i0:
com.google.firestore.v1.StructuredQuery -> b.b.e.a.j0:
    com.google.firestore.v1.StructuredQuery$Filter where_ -> g
    int offset_ -> k
    com.google.protobuf.Parser PARSER -> n
    com.google.protobuf.Internal$ProtobufList from_ -> f
    com.google.firestore.v1.StructuredQuery DEFAULT_INSTANCE -> m
    int bitField0_ -> d
    com.google.protobuf.Internal$ProtobufList orderBy_ -> h
    com.google.firestore.v1.Cursor endAt_ -> j
    com.google.firestore.v1.StructuredQuery$Projection select_ -> e
    com.google.firestore.v1.Cursor startAt_ -> i
    com.google.protobuf.Int32Value limit_ -> l
    com.google.firestore.v1.StructuredQuery$Builder newBuilder() -> A
    com.google.protobuf.Parser parser() -> B
    void access$10400(com.google.firestore.v1.StructuredQuery,com.google.firestore.v1.StructuredQuery$Order) -> a
    void access$11100(com.google.firestore.v1.StructuredQuery,com.google.firestore.v1.Cursor) -> a
    void access$12200(com.google.firestore.v1.StructuredQuery,com.google.protobuf.Int32Value$Builder) -> a
    void access$9300(com.google.firestore.v1.StructuredQuery,com.google.firestore.v1.StructuredQuery$CollectionSelector$Builder) -> a
    void access$9800(com.google.firestore.v1.StructuredQuery,com.google.firestore.v1.StructuredQuery$Filter) -> a
    void addFrom(com.google.firestore.v1.StructuredQuery$CollectionSelector$Builder) -> a
    void addOrderBy(com.google.firestore.v1.StructuredQuery$Order) -> a
com.google.firestore.v1.StructuredQuery$1 -> b.b.e.a.j0$a:
    int[] $SwitchMap$com$google$firestore$v1$StructuredQuery$Filter$FilterTypeCase -> b
    int[] $SwitchMap$com$google$firestore$v1$StructuredQuery$UnaryFilter$OperandTypeCase -> c
    int[] $SwitchMap$com$google$protobuf$GeneratedMessageLite$MethodToInvoke -> a